Welcome to Xilinx CORE Generator.
Help system initialized.
The IP Catalog has been reloaded.
Opening project file
/home/andy/Documents/Projects/Retrocomp/ZX-Spectrum/karabas-go/karabas-go-core-p
cxt/ise/XC6SLX25/karabas-go/ipcore_dir/coregen.cgp.
Regenerate all project IP (under current project settings)INFO:sim:953 - Generating composite instance 'coregen' of
   'xilinx.com:project:coregen:1.0' from
   '/home/andy/Documents/Projects/Retrocomp/ZX-Spectrum/karabas-go/karabas-go-co
   re-pcxt/ise/XC6SLX25/karabas-go/ipcore_dir/coregen.cgc'.
INFO:sim:172 - Generating IP...
Applying current project options...
Finished applying current project options.
Resolving generics for 'queue'...
WARNING:sim - A core named 'queue' already exists in the project. Output
   products for this core may be overwritten.
Applying external generics to 'queue'...
Delivering associated files for 'queue'...
Delivering EJava files for 'queue'...
Generating implementation netlist for 'queue'...
INFO:sim - Pre-processing HDL files for 'queue'...
WARNING:sim - BlackBox generator run option '-ifmt' found multiple times. Only
   the first occurence is considered.
Running synthesis for 'queue'
Running ngcbuild...
Writing VEO instantiation template for 'queue'...
Writing Verilog behavioral simulation model for 'queue'...
WARNING:sim - Overwriting existing file
   /home/andy/Documents/Projects/Retrocomp/ZX-Spectrum/karabas-go/karabas-go-cor
   e-pcxt/ise/XC6SLX25/karabas-go/ipcore_dir/tmp/_cg/queue/doc/fifo_generator_v9
   _3_vinfo.html with file from view xilinx_documentation
Delivered 3 files into directory
/home/andy/Documents/Projects/Retrocomp/ZX-Spectrum/karabas-go/karabas-go-core-p
cxt/ise/XC6SLX25/karabas-go/ipcore_dir/tmp/_cg/queue
Delivered 1 file into directory
/home/andy/Documents/Projects/Retrocomp/ZX-Spectrum/karabas-go/karabas-go-core-p
cxt/ise/XC6SLX25/karabas-go/ipcore_dir/tmp/_cg/queue
Generating ASY schematic symbol...
INFO:sim:949 - Finished generation of ASY schematic symbol.
Generating metadata file...
Regenerating ISE project file for 'queue'...
Generating ISE project...
XCO file found: queue.xco
XMDF file found: queue_xmdf.tcl
Adding
/home/andy/Documents/Projects/Retrocomp/ZX-Spectrum/karabas-go/karabas-go-core-p
cxt/ise/XC6SLX25/karabas-go/ipcore_dir/tmp/_cg/queue.asy -view all -origin_type
imported
Adding
/home/andy/Documents/Projects/Retrocomp/ZX-Spectrum/karabas-go/karabas-go-core-p
cxt/ise/XC6SLX25/karabas-go/ipcore_dir/tmp/_cg/queue.ngc -view all -origin_type
created
Checking file
"/home/andy/Documents/Projects/Retrocomp/ZX-Spectrum/karabas-go/karabas-go-core-
pcxt/ise/XC6SLX25/karabas-go/ipcore_dir/tmp/_cg/queue.ngc" for project device
match ...
File
"/home/andy/Documents/Projects/Retrocomp/ZX-Spectrum/karabas-go/karabas-go-core-
pcxt/ise/XC6SLX25/karabas-go/ipcore_dir/tmp/_cg/queue.ngc" device information
matches project device.
Adding
/home/andy/Documents/Projects/Retrocomp/ZX-Spectrum/karabas-go/karabas-go-core-p
cxt/ise/XC6SLX25/karabas-go/ipcore_dir/tmp/_cg/queue.v -view all -origin_type
created
INFO:HDLCompiler:1845 - Analyzing Verilog file
   "/home/andy/Documents/Projects/Retrocomp/ZX-Spectrum/karabas-go/karabas-go-co
   re-pcxt/ise/XC6SLX25/karabas-go/ipcore_dir/tmp/_cg/queue.v" into library work
INFO:ProjectMgmt - Parsing design hierarchy completed successfully.
Adding
/home/andy/Documents/Projects/Retrocomp/ZX-Spectrum/karabas-go/karabas-go-core-p
cxt/ise/XC6SLX25/karabas-go/ipcore_dir/tmp/_cg/queue.veo -view all -origin_type
imported
INFO:TclTasksC:2116 - The automatic calculation of top has been turned-off.
   Please set the new top explicitly by running the "project set top" command.
   To re-calculate the new top automatically, set the "Auto Implementation Top"
   property to true.
Top level has been set to "/queue"
Generating README file...
Generating FLIST file...
INFO:sim:948 - Finished FLIST file generation.
Moving files to output directory...
Finished moving files to output directory
INFO:sim:172 - Generating IP...
Applying current project options...
Finished applying current project options.
Resolving generics for 'rtc'...
WARNING:sim - A core named 'rtc' already exists in the project. Output products
   for this core may be overwritten.
Applying external generics to 'rtc'...
Delivering associated files for 'rtc'...
Delivering EJava files for 'rtc'...
Generating implementation netlist for 'rtc'...
INFO:sim - Pre-processing HDL files for 'rtc'...
Running synthesis for 'rtc'
Running ngcbuild...
Writing VEO instantiation template for 'rtc'...
Writing Verilog behavioral simulation model for 'rtc'...
WARNING:sim - Overwriting existing file
   /home/andy/Documents/Projects/Retrocomp/ZX-Spectrum/karabas-go/karabas-go-cor
   e-pcxt/ise/XC6SLX25/karabas-go/ipcore_dir/tmp/_cg/rtc/doc/blk_mem_gen_v7_3_vi
   nfo.html with file from view xilinx_documentation
Delivered 1 file into directory
/home/andy/Documents/Projects/Retrocomp/ZX-Spectrum/karabas-go/karabas-go-core-p
cxt/ise/XC6SLX25/karabas-go/ipcore_dir/tmp/_cg/rtc
Generating ASY schematic symbol...
INFO:sim:949 - Finished generation of ASY schematic symbol.
Generating metadata file...
Regenerating ISE project file for 'rtc'...
Generating ISE project...
XCO file found: rtc.xco
XMDF file found: rtc_xmdf.tcl
Adding
/home/andy/Documents/Projects/Retrocomp/ZX-Spectrum/karabas-go/karabas-go-core-p
cxt/ise/XC6SLX25/karabas-go/ipcore_dir/tmp/_cg/rtc.asy -view all -origin_type
imported
Adding
/home/andy/Documents/Projects/Retrocomp/ZX-Spectrum/karabas-go/karabas-go-core-p
cxt/ise/XC6SLX25/karabas-go/ipcore_dir/tmp/_cg/rtc.ngc -view all -origin_type
created
Checking file
"/home/andy/Documents/Projects/Retrocomp/ZX-Spectrum/karabas-go/karabas-go-core-
pcxt/ise/XC6SLX25/karabas-go/ipcore_dir/tmp/_cg/rtc.ngc" for project device
match ...
File
"/home/andy/Documents/Projects/Retrocomp/ZX-Spectrum/karabas-go/karabas-go-core-
pcxt/ise/XC6SLX25/karabas-go/ipcore_dir/tmp/_cg/rtc.ngc" device information
matches project device.
Adding
/home/andy/Documents/Projects/Retrocomp/ZX-Spectrum/karabas-go/karabas-go-core-p
cxt/ise/XC6SLX25/karabas-go/ipcore_dir/tmp/_cg/rtc.v -view all -origin_type
created
INFO:HDLCompiler:1845 - Analyzing Verilog file
   "/home/andy/Documents/Projects/Retrocomp/ZX-Spectrum/karabas-go/karabas-go-co
   re-pcxt/ise/XC6SLX25/karabas-go/ipcore_dir/tmp/_cg/rtc.v" into library work
INFO:ProjectMgmt - Parsing design hierarchy completed successfully.
Adding
/home/andy/Documents/Projects/Retrocomp/ZX-Spectrum/karabas-go/karabas-go-core-p
cxt/ise/XC6SLX25/karabas-go/ipcore_dir/tmp/_cg/rtc.veo -view all -origin_type
imported
INFO:TclTasksC:2116 - The automatic calculation of top has been turned-off.
   Please set the new top explicitly by running the "project set top" command.
   To re-calculate the new top automatically, set the "Auto Implementation Top"
   property to true.
Top level has been set to "/rtc"
Generating README file...
Generating FLIST file...
INFO:sim:948 - Finished FLIST file generation.
Moving files to output directory...
Finished moving files to output directory
Closed project file.
